<?xml version="1.0" encoding="UTF-8"?>
<!-- Generated by org.testng.reporters.JUnitReportReporter -->
<testsuite hostname="NB205" failures="0" tests="1" name="tests.DemoTest" time="5.644" errors="0" timestamp="2021-02-04T21:34:27 CET" skipped="0">
  <testcase classname="tests.DemoTest" name="demoTest" time="5.644"/>
  <system-out/>
</testsuite> <!-- tests.DemoTest -->
